mode: count
github.com/moson-mo/pacseek/internal/pacseek/aur.go:11.95,17.26 4 4
github.com/moson-mo/pacseek/internal/pacseek/aur.go:21.2,22.16 2 4
github.com/moson-mo/pacseek/internal/pacseek/aur.go:26.2,28.16 3 3
github.com/moson-mo/pacseek/internal/pacseek/aur.go:31.2,31.26 1 3
github.com/moson-mo/pacseek/internal/pacseek/aur.go:62.2,62.22 1 2
github.com/moson-mo/pacseek/internal/pacseek/aur.go:17.26,19.3 1 1
github.com/moson-mo/pacseek/internal/pacseek/aur.go:22.16,24.3 1 1
github.com/moson-mo/pacseek/internal/pacseek/aur.go:28.16,30.3 1 0
github.com/moson-mo/pacseek/internal/pacseek/aur.go:31.26,34.17 3 2
github.com/moson-mo/pacseek/internal/pacseek/aur.go:37.3,37.25 1 1
github.com/moson-mo/pacseek/internal/pacseek/aur.go:34.17,36.4 1 1
github.com/moson-mo/pacseek/internal/pacseek/aur.go:37.25,42.4 1 5
github.com/moson-mo/pacseek/internal/pacseek/aur.go:43.8,46.17 3 1
github.com/moson-mo/pacseek/internal/pacseek/aur.go:49.3,50.33 2 1
github.com/moson-mo/pacseek/internal/pacseek/aur.go:46.17,48.4 1 0
github.com/moson-mo/pacseek/internal/pacseek/aur.go:50.33,51.23 1 7
github.com/moson-mo/pacseek/internal/pacseek/aur.go:54.4,58.7 2 7
github.com/moson-mo/pacseek/internal/pacseek/aur.go:51.23,52.10 1 0
github.com/moson-mo/pacseek/internal/pacseek/aur.go:66.54,71.16 3 3
github.com/moson-mo/pacseek/internal/pacseek/aur.go:75.2,77.16 3 2
github.com/moson-mo/pacseek/internal/pacseek/aur.go:80.2,82.16 3 2
github.com/moson-mo/pacseek/internal/pacseek/aur.go:85.2,85.38 1 1
github.com/moson-mo/pacseek/internal/pacseek/aur.go:88.2,88.10 1 1
github.com/moson-mo/pacseek/internal/pacseek/aur.go:71.16,73.3 1 1
github.com/moson-mo/pacseek/internal/pacseek/aur.go:77.16,79.3 1 0
github.com/moson-mo/pacseek/internal/pacseek/aur.go:82.16,84.3 1 1
github.com/moson-mo/pacseek/internal/pacseek/aur.go:85.38,87.3 1 1
github.com/moson-mo/pacseek/internal/pacseek/pacman.go:12.67,14.16 2 6
github.com/moson-mo/pacseek/internal/pacseek/pacman.go:18.2,19.16 2 5
github.com/moson-mo/pacseek/internal/pacseek/pacman.go:23.2,23.34 1 4
github.com/moson-mo/pacseek/internal/pacseek/pacman.go:29.2,29.15 1 4
github.com/moson-mo/pacseek/internal/pacseek/pacman.go:14.16,16.3 1 1
github.com/moson-mo/pacseek/internal/pacseek/pacman.go:19.16,21.3 1 1
github.com/moson-mo/pacseek/internal/pacseek/pacman.go:23.34,25.17 2 16
github.com/moson-mo/pacseek/internal/pacseek/pacman.go:25.17,27.4 1 0
github.com/moson-mo/pacseek/internal/pacseek/pacman.go:33.95,35.14 2 3
github.com/moson-mo/pacseek/internal/pacseek/pacman.go:38.2,39.16 2 2
github.com/moson-mo/pacseek/internal/pacseek/pacman.go:42.2,43.16 2 2
github.com/moson-mo/pacseek/internal/pacseek/pacman.go:47.2,48.33 2 2
github.com/moson-mo/pacseek/internal/pacseek/pacman.go:73.2,73.22 1 2
github.com/moson-mo/pacseek/internal/pacseek/pacman.go:35.14,37.3 1 1
github.com/moson-mo/pacseek/internal/pacseek/pacman.go:39.16,41.3 1 0
github.com/moson-mo/pacseek/internal/pacseek/pacman.go:43.16,45.3 1 0
github.com/moson-mo/pacseek/internal/pacseek/pacman.go:48.33,49.45 1 8
github.com/moson-mo/pacseek/internal/pacseek/pacman.go:49.45,50.29 1 12711
github.com/moson-mo/pacseek/internal/pacseek/pacman.go:54.4,55.28 2 12707
github.com/moson-mo/pacseek/internal/pacseek/pacman.go:59.4,59.34 1 12707
github.com/moson-mo/pacseek/internal/pacseek/pacman.go:50.29,51.10 1 4
github.com/moson-mo/pacseek/internal/pacseek/pacman.go:55.28,57.5 1 0
github.com/moson-mo/pacseek/internal/pacseek/pacman.go:59.34,61.37 2 1
github.com/moson-mo/pacseek/internal/pacseek/pacman.go:64.5,69.14 2 1
github.com/moson-mo/pacseek/internal/pacseek/pacman.go:61.37,63.6 1 1
github.com/moson-mo/pacseek/internal/pacseek/pacman.go:77.51,79.16 2 2
github.com/moson-mo/pacseek/internal/pacseek/pacman.go:82.2,85.14 3 2
github.com/moson-mo/pacseek/internal/pacseek/pacman.go:88.2,88.14 1 1
github.com/moson-mo/pacseek/internal/pacseek/pacman.go:79.16,81.3 1 0
github.com/moson-mo/pacseek/internal/pacseek/pacman.go:85.14,87.3 1 1
github.com/moson-mo/pacseek/internal/pacseek/pacman.go:92.55,98.16 3 2
github.com/moson-mo/pacseek/internal/pacseek/pacman.go:103.2,103.33 1 2
github.com/moson-mo/pacseek/internal/pacseek/pacman.go:134.2,134.10 1 1
github.com/moson-mo/pacseek/internal/pacseek/pacman.go:98.16,101.3 2 0
github.com/moson-mo/pacseek/internal/pacseek/pacman.go:103.33,105.15 2 5
github.com/moson-mo/pacseek/internal/pacseek/pacman.go:109.3,111.41 3 1
github.com/moson-mo/pacseek/internal/pacseek/pacman.go:114.3,114.45 1 1
github.com/moson-mo/pacseek/internal/pacseek/pacman.go:118.3,132.11 3 1
github.com/moson-mo/pacseek/internal/pacseek/pacman.go:105.15,106.12 1 4
github.com/moson-mo/pacseek/internal/pacseek/pacman.go:111.41,113.4 1 3
github.com/moson-mo/pacseek/internal/pacseek/pacman.go:114.45,116.4 1 4
github.com/moson-mo/pacseek/internal/pacseek/pacseek.go:53.48,65.16 5 0
github.com/moson-mo/pacseek/internal/pacseek/pacseek.go:69.2,69.17 1 0
github.com/moson-mo/pacseek/internal/pacseek/pacseek.go:65.16,67.3 1 0
github.com/moson-mo/pacseek/internal/pacseek/pacseek.go:73.40,74.16 1 0
github.com/moson-mo/pacseek/internal/pacseek/pacseek.go:78.2,78.62 1 0
github.com/moson-mo/pacseek/internal/pacseek/pacseek.go:74.16,77.3 2 0
github.com/moson-mo/pacseek/internal/pacseek/pacseek.go:82.33,143.69 31 0
github.com/moson-mo/pacseek/internal/pacseek/pacseek.go:171.2,171.58 1 0
github.com/moson-mo/pacseek/internal/pacseek/pacseek.go:181.2,181.72 1 0
github.com/moson-mo/pacseek/internal/pacseek/pacseek.go:199.2,199.74 1 0
github.com/moson-mo/pacseek/internal/pacseek/pacseek.go:221.2,221.57 1 0
github.com/moson-mo/pacseek/internal/pacseek/pacseek.go:143.69,144.36 1 0
github.com/moson-mo/pacseek/internal/pacseek/pacseek.go:148.3,148.36 1 0
github.com/moson-mo/pacseek/internal/pacseek/pacseek.go:159.3,159.36 1 0
github.com/moson-mo/pacseek/internal/pacseek/pacseek.go:167.3,167.15 1 0
github.com/moson-mo/pacseek/internal/pacseek/pacseek.go:144.36,147.4 2 0
github.com/moson-mo/pacseek/internal/pacseek/pacseek.go:148.36,149.42 1 0
github.com/moson-mo/pacseek/internal/pacseek/pacseek.go:157.4,157.14 1 0
github.com/moson-mo/pacseek/internal/pacseek/pacseek.go:149.42,152.5 2 0
github.com/moson-mo/pacseek/internal/pacseek/pacseek.go:152.10,156.5 3 0
github.com/moson-mo/pacseek/internal/pacseek/pacseek.go:159.36,161.42 2 0
github.com/moson-mo/pacseek/internal/pacseek/pacseek.go:165.4,165.14 1 0
github.com/moson-mo/pacseek/internal/pacseek/pacseek.go:161.42,164.5 2 0
github.com/moson-mo/pacseek/internal/pacseek/pacseek.go:171.58,173.49 2 0
github.com/moson-mo/pacseek/internal/pacseek/pacseek.go:176.3,177.15 2 0
github.com/moson-mo/pacseek/internal/pacseek/pacseek.go:173.49,175.4 1 0
github.com/moson-mo/pacseek/internal/pacseek/pacseek.go:181.72,182.66 1 0
github.com/moson-mo/pacseek/internal/pacseek/pacseek.go:186.3,186.36 1 0
github.com/moson-mo/pacseek/internal/pacseek/pacseek.go:190.3,190.112 1 0
github.com/moson-mo/pacseek/internal/pacseek/pacseek.go:195.3,195.15 1 0
github.com/moson-mo/pacseek/internal/pacseek/pacseek.go:182.66,185.4 2 0
github.com/moson-mo/pacseek/internal/pacseek/pacseek.go:186.36,189.4 2 0
github.com/moson-mo/pacseek/internal/pacseek/pacseek.go:190.112,193.4 2 0
github.com/moson-mo/pacseek/internal/pacseek/pacseek.go:199.74,203.71 2 0
github.com/moson-mo/pacseek/internal/pacseek/pacseek.go:211.3,211.74 1 0
github.com/moson-mo/pacseek/internal/pacseek/pacseek.go:215.3,215.36 1 0
github.com/moson-mo/pacseek/internal/pacseek/pacseek.go:219.3,219.15 1 0
github.com/moson-mo/pacseek/internal/pacseek/pacseek.go:203.71,204.73 1 0
github.com/moson-mo/pacseek/internal/pacseek/pacseek.go:209.4,209.14 1 0
github.com/moson-mo/pacseek/internal/pacseek/pacseek.go:204.73,206.5 1 0
github.com/moson-mo/pacseek/internal/pacseek/pacseek.go:206.10,208.5 1 0
github.com/moson-mo/pacseek/internal/pacseek/pacseek.go:211.74,214.4 2 0
github.com/moson-mo/pacseek/internal/pacseek/pacseek.go:215.36,218.4 2 0
github.com/moson-mo/pacseek/internal/pacseek/pacseek.go:225.35,226.22 1 0
github.com/moson-mo/pacseek/internal/pacseek/pacseek.go:300.2,300.39 1 0
github.com/moson-mo/pacseek/internal/pacseek/pacseek.go:352.2,352.43 1 0
github.com/moson-mo/pacseek/internal/pacseek/pacseek.go:359.2,359.13 1 0
github.com/moson-mo/pacseek/internal/pacseek/pacseek.go:226.22,228.39 2 0
github.com/moson-mo/pacseek/internal/pacseek/pacseek.go:233.3,244.75 10 0
github.com/moson-mo/pacseek/internal/pacseek/pacseek.go:252.3,252.55 1 0
github.com/moson-mo/pacseek/internal/pacseek/pacseek.go:277.3,277.88 1 0
github.com/moson-mo/pacseek/internal/pacseek/pacseek.go:287.3,287.88 1 0
github.com/moson-mo/pacseek/internal/pacseek/pacseek.go:228.39,230.4 1 0
github.com/moson-mo/pacseek/internal/pacseek/pacseek.go:244.75,245.74 1 0
github.com/moson-mo/pacseek/internal/pacseek/pacseek.go:249.4,249.16 1 0
github.com/moson-mo/pacseek/internal/pacseek/pacseek.go:245.74,248.5 2 0
github.com/moson-mo/pacseek/internal/pacseek/pacseek.go:252.55,254.44 2 0
github.com/moson-mo/pacseek/internal/pacseek/pacseek.go:254.44,257.14 3 0
github.com/moson-mo/pacseek/internal/pacseek/pacseek.go:260.5,260.46 1 0
github.com/moson-mo/pacseek/internal/pacseek/pacseek.go:257.14,259.6 1 0
github.com/moson-mo/pacseek/internal/pacseek/pacseek.go:260.46,261.28 1 0
github.com/moson-mo/pacseek/internal/pacseek/pacseek.go:261.28,262.22 1 0
github.com/moson-mo/pacseek/internal/pacseek/pacseek.go:266.7,266.35 1 0
github.com/moson-mo/pacseek/internal/pacseek/pacseek.go:262.22,265.8 2 0
github.com/moson-mo/pacseek/internal/pacseek/pacseek.go:267.12,269.7 1 0
github.com/moson-mo/pacseek/internal/pacseek/pacseek.go:271.10,272.46 1 0
github.com/moson-mo/pacseek/internal/pacseek/pacseek.go:272.46,274.6 1 0
github.com/moson-mo/pacseek/internal/pacseek/pacseek.go:277.88,278.67 1 0
github.com/moson-mo/pacseek/internal/pacseek/pacseek.go:282.4,282.34 1 0
github.com/moson-mo/pacseek/internal/pacseek/pacseek.go:285.4,285.16 1 0
github.com/moson-mo/pacseek/internal/pacseek/pacseek.go:278.67,281.5 2 0
github.com/moson-mo/pacseek/internal/pacseek/pacseek.go:282.34,284.5 1 0
github.com/moson-mo/pacseek/internal/pacseek/pacseek.go:287.88,288.67 1 0
github.com/moson-mo/pacseek/internal/pacseek/pacseek.go:292.4,292.34 1 0
github.com/moson-mo/pacseek/internal/pacseek/pacseek.go:295.4,295.16 1 0
github.com/moson-mo/pacseek/internal/pacseek/pacseek.go:288.67,291.5 2 0
github.com/moson-mo/pacseek/internal/pacseek/pacseek.go:292.34,294.5 1 0
github.com/moson-mo/pacseek/internal/pacseek/pacseek.go:300.39,302.55 2 0
github.com/moson-mo/pacseek/internal/pacseek/pacseek.go:343.3,345.17 3 0
github.com/moson-mo/pacseek/internal/pacseek/pacseek.go:349.3,349.52 1 0
github.com/moson-mo/pacseek/internal/pacseek/pacseek.go:302.55,304.49 2 0
github.com/moson-mo/pacseek/internal/pacseek/pacseek.go:304.49,305.29 1 0
github.com/moson-mo/pacseek/internal/pacseek/pacseek.go:306.26,307.41 1 0
github.com/moson-mo/pacseek/internal/pacseek/pacseek.go:308.31,310.20 2 0
github.com/moson-mo/pacseek/internal/pacseek/pacseek.go:314.36,316.20 2 0
github.com/moson-mo/pacseek/internal/pacseek/pacseek.go:320.29,321.44 1 0
github.com/moson-mo/pacseek/internal/pacseek/pacseek.go:322.33,323.48 1 0
github.com/moson-mo/pacseek/internal/pacseek/pacseek.go:324.30,325.46 1 0
github.com/moson-mo/pacseek/internal/pacseek/pacseek.go:326.32,327.48 1 0
github.com/moson-mo/pacseek/internal/pacseek/pacseek.go:328.33,330.20 2 0
github.com/moson-mo/pacseek/internal/pacseek/pacseek.go:310.20,313.7 2 0
github.com/moson-mo/pacseek/internal/pacseek/pacseek.go:316.20,319.7 2 0
github.com/moson-mo/pacseek/internal/pacseek/pacseek.go:330.20,333.7 2 0
github.com/moson-mo/pacseek/internal/pacseek/pacseek.go:335.10,335.51 1 0
github.com/moson-mo/pacseek/internal/pacseek/pacseek.go:335.51,336.26 1 0
github.com/moson-mo/pacseek/internal/pacseek/pacseek.go:337.26,338.51 1 0
github.com/moson-mo/pacseek/internal/pacseek/pacseek.go:345.17,348.4 2 0
github.com/moson-mo/pacseek/internal/pacseek/pacseek.go:352.43,356.3 3 0
github.com/moson-mo/pacseek/internal/pacseek/pacseek.go:363.48,364.52 1 0
github.com/moson-mo/pacseek/internal/pacseek/pacseek.go:367.2,372.12 5 0
github.com/moson-mo/pacseek/internal/pacseek/pacseek.go:364.52,366.3 1 0
github.com/moson-mo/pacseek/internal/pacseek/pacseek.go:372.12,373.22 1 0
github.com/moson-mo/pacseek/internal/pacseek/pacseek.go:377.3,377.32 1 0
github.com/moson-mo/pacseek/internal/pacseek/pacseek.go:380.3,380.33 1 0
github.com/moson-mo/pacseek/internal/pacseek/pacseek.go:384.3,390.22 6 0
github.com/moson-mo/pacseek/internal/pacseek/pacseek.go:397.3,397.33 1 0
github.com/moson-mo/pacseek/internal/pacseek/pacseek.go:373.22,375.4 1 0
github.com/moson-mo/pacseek/internal/pacseek/pacseek.go:377.32,379.4 1 0
github.com/moson-mo/pacseek/internal/pacseek/pacseek.go:380.33,382.4 1 0
github.com/moson-mo/pacseek/internal/pacseek/pacseek.go:390.22,392.4 1 0
github.com/moson-mo/pacseek/internal/pacseek/pacseek.go:392.9,394.4 1 0
github.com/moson-mo/pacseek/internal/pacseek/pacseek.go:397.33,398.34 1 0
github.com/moson-mo/pacseek/internal/pacseek/pacseek.go:401.4,401.30 1 0
github.com/moson-mo/pacseek/internal/pacseek/pacseek.go:410.4,412.42 3 0
github.com/moson-mo/pacseek/internal/pacseek/pacseek.go:398.34,400.5 1 0
github.com/moson-mo/pacseek/internal/pacseek/pacseek.go:401.30,403.25 2 0
github.com/moson-mo/pacseek/internal/pacseek/pacseek.go:406.5,408.11 3 0
github.com/moson-mo/pacseek/internal/pacseek/pacseek.go:403.25,405.6 1 0
github.com/moson-mo/pacseek/internal/pacseek/pacseek.go:418.56,425.26 6 0
github.com/moson-mo/pacseek/internal/pacseek/pacseek.go:442.2,442.32 1 0
github.com/moson-mo/pacseek/internal/pacseek/pacseek.go:425.26,427.29 1 0
github.com/moson-mo/pacseek/internal/pacseek/pacseek.go:427.29,428.38 1 0
github.com/moson-mo/pacseek/internal/pacseek/pacseek.go:432.4,435.28 4 0
github.com/moson-mo/pacseek/internal/pacseek/pacseek.go:439.4,439.8 1 0
github.com/moson-mo/pacseek/internal/pacseek/pacseek.go:428.38,430.5 1 0
github.com/moson-mo/pacseek/internal/pacseek/pacseek.go:435.28,438.5 2 0
github.com/moson-mo/pacseek/internal/pacseek/pacseek.go:446.41,447.12 1 0
github.com/moson-mo/pacseek/internal/pacseek/pacseek.go:447.12,452.17 5 0
github.com/moson-mo/pacseek/internal/pacseek/pacseek.go:457.3,458.17 2 0
github.com/moson-mo/pacseek/internal/pacseek/pacseek.go:464.3,464.41 1 0
github.com/moson-mo/pacseek/internal/pacseek/pacseek.go:468.3,470.44 2 0
github.com/moson-mo/pacseek/internal/pacseek/pacseek.go:474.3,474.41 1 0
github.com/moson-mo/pacseek/internal/pacseek/pacseek.go:479.3,479.33 1 0
github.com/moson-mo/pacseek/internal/pacseek/pacseek.go:452.17,453.34 1 0
github.com/moson-mo/pacseek/internal/pacseek/pacseek.go:453.34,455.5 1 0
github.com/moson-mo/pacseek/internal/pacseek/pacseek.go:458.17,459.34 1 0
github.com/moson-mo/pacseek/internal/pacseek/pacseek.go:459.34,461.5 1 0
github.com/moson-mo/pacseek/internal/pacseek/pacseek.go:464.41,466.4 1 0
github.com/moson-mo/pacseek/internal/pacseek/pacseek.go:470.44,472.4 1 0
github.com/moson-mo/pacseek/internal/pacseek/pacseek.go:474.41,476.4 1 0
github.com/moson-mo/pacseek/internal/pacseek/pacseek.go:479.33,480.35 1 0
github.com/moson-mo/pacseek/internal/pacseek/pacseek.go:483.4,483.29 1 0
github.com/moson-mo/pacseek/internal/pacseek/pacseek.go:480.35,482.5 1 0
github.com/moson-mo/pacseek/internal/pacseek/pacseek.go:489.48,496.31 3 0
github.com/moson-mo/pacseek/internal/pacseek/pacseek.go:514.2,514.33 1 0
github.com/moson-mo/pacseek/internal/pacseek/pacseek.go:496.31,499.22 3 0
github.com/moson-mo/pacseek/internal/pacseek/pacseek.go:502.3,502.26 1 0
github.com/moson-mo/pacseek/internal/pacseek/pacseek.go:506.3,512.47 3 0
github.com/moson-mo/pacseek/internal/pacseek/pacseek.go:499.22,501.4 1 0
github.com/moson-mo/pacseek/internal/pacseek/pacseek.go:502.26,504.4 1 0
github.com/moson-mo/pacseek/internal/pacseek/pacseek.go:518.36,534.2 3 0
github.com/moson-mo/pacseek/internal/pacseek/pacseek.go:537.57,539.13 2 0
github.com/moson-mo/pacseek/internal/pacseek/pacseek.go:543.2,546.12 3 0
github.com/moson-mo/pacseek/internal/pacseek/pacseek.go:539.13,541.3 1 0
github.com/moson-mo/pacseek/internal/pacseek/pacseek.go:546.12,550.33 4 0
github.com/moson-mo/pacseek/internal/pacseek/pacseek.go:550.33,552.4 1 0
github.com/moson-mo/pacseek/internal/pacseek/pacseek.go:557.26,566.2 2 0
github.com/moson-mo/pacseek/internal/pacseek/pacseek.go:569.27,570.12 1 0
github.com/moson-mo/pacseek/internal/pacseek/pacseek.go:595.2,595.8 1 0
github.com/moson-mo/pacseek/internal/pacseek/pacseek.go:570.12,571.7 1 0
github.com/moson-mo/pacseek/internal/pacseek/pacseek.go:571.7,572.11 1 0
github.com/moson-mo/pacseek/internal/pacseek/pacseek.go:573.23,574.11 1 0
github.com/moson-mo/pacseek/internal/pacseek/pacseek.go:575.12,577.35 2 0
github.com/moson-mo/pacseek/internal/pacseek/pacseek.go:580.5,581.35 2 0
github.com/moson-mo/pacseek/internal/pacseek/pacseek.go:584.5,585.35 2 0
github.com/moson-mo/pacseek/internal/pacseek/pacseek.go:588.5,589.35 2 0
github.com/moson-mo/pacseek/internal/pacseek/pacseek.go:577.35,579.6 1 0
github.com/moson-mo/pacseek/internal/pacseek/pacseek.go:581.35,583.6 1 0
github.com/moson-mo/pacseek/internal/pacseek/pacseek.go:585.35,587.6 1 0
github.com/moson-mo/pacseek/internal/pacseek/pacseek.go:589.35,591.6 1 0
github.com/moson-mo/pacseek/internal/pacseek/pacseek.go:599.32,605.22 5 0
github.com/moson-mo/pacseek/internal/pacseek/pacseek.go:610.2,610.24 1 0
github.com/moson-mo/pacseek/internal/pacseek/pacseek.go:605.22,607.3 1 0
github.com/moson-mo/pacseek/internal/pacseek/pacseek.go:610.24,621.13 8 0
github.com/moson-mo/pacseek/internal/pacseek/pacseek.go:630.3,634.17 3 0
github.com/moson-mo/pacseek/internal/pacseek/pacseek.go:640.3,640.38 1 0
github.com/moson-mo/pacseek/internal/pacseek/pacseek.go:621.13,625.18 4 0
github.com/moson-mo/pacseek/internal/pacseek/pacseek.go:625.18,627.5 1 0
github.com/moson-mo/pacseek/internal/pacseek/pacseek.go:634.17,637.4 2 0
github.com/moson-mo/pacseek/internal/pacseek/pacseek.go:640.38,642.4 1 0
github.com/moson-mo/pacseek/internal/pacseek/pacseek.go:642.9,644.4 1 0
github.com/moson-mo/pacseek/internal/pacseek/pacseek.go:650.55,652.14 2 0
github.com/moson-mo/pacseek/internal/pacseek/pacseek.go:657.2,657.11 1 0
github.com/moson-mo/pacseek/internal/pacseek/pacseek.go:663.2,663.19 1 0
github.com/moson-mo/pacseek/internal/pacseek/pacseek.go:652.14,655.3 2 0
github.com/moson-mo/pacseek/internal/pacseek/pacseek.go:657.11,659.3 1 0
github.com/moson-mo/pacseek/internal/pacseek/pacseek.go:659.8,661.3 1 0
github.com/moson-mo/pacseek/internal/pacseek/pacseek.go:667.26,669.2 1 0
github.com/moson-mo/pacseek/internal/pacseek/pacseek.go:672.39,674.16 2 0
github.com/moson-mo/pacseek/internal/pacseek/pacseek.go:677.2,678.16 2 0
github.com/moson-mo/pacseek/internal/pacseek/pacseek.go:681.2,681.12 1 0
github.com/moson-mo/pacseek/internal/pacseek/pacseek.go:674.16,676.3 1 0
github.com/moson-mo/pacseek/internal/pacseek/pacseek.go:678.16,680.3 1 0
github.com/moson-mo/pacseek/internal/pacseek/pacseek.go:685.66,705.17 8 0
github.com/moson-mo/pacseek/internal/pacseek/pacseek.go:708.2,710.23 3 0
github.com/moson-mo/pacseek/internal/pacseek/pacseek.go:714.2,716.22 2 0
github.com/moson-mo/pacseek/internal/pacseek/pacseek.go:705.17,707.3 1 0
github.com/moson-mo/pacseek/internal/pacseek/pacseek.go:710.23,713.3 2 0
